<?xml version="1.0" encoding="UTF-8"?>
<!-- Generated by org.testng.reporters.JUnitXMLReporter -->
<testsuite ignored="0" hostname="DESKTOP-BKR3RM9" failures="1" tests="3" name="Test" time="61.555" errors="0" timestamp="2023-03-10T15:55:15 IST">
  <testcase classname="org.tes.SampleTestng" name="tc1" time="0.0">
    <failure type="org.testng.TestNGException" message="
Parameter &amp;apos;uesrname&amp;apos; is required by @Test on method tc1 but has not been marked @Optional or defined
in C:\Users\Best\eclipse-workspace\TestngProject\parameter.xml">
      <![CDATA[org.testng.TestNGException: 
Parameter 'uesrname' is required by @Test on method tc1 but has not been marked @Optional or defined
in C:\Users\Best\eclipse-workspace\TestngProject\parameter.xml
at java.base/java.util.ArrayList.forEach(ArrayList.java:1511)
... Removed 26 stack frames]]>
    </failure>
  </testcase> <!-- tc1 -->
  <testcase classname="org.tes.SampleTestng" name="tc3" time="24.768"/>
  <testcase classname="org.tes.SampleTestng" name="tc5" time="17.668"/>
</testsuite> <!-- Test -->
